<?xml version="1.0" encoding="UTF-8"?>
<!-- Generated by org.testng.reporters.JUnitXMLReporter -->
<testsuite hostname="LAPTOP-A9SHFLG8" name="Command line test" tests="3" failures="0" timestamp="24 Mar 2018 23:56:08 GMT" time="0.026" errors="0">
  <testcase name="smaple" time="0.009" classname="com.sampletest.FirstTestCase"/>
  <testcase name="smaple" time="0.0" classname="com.sampletest.SecondTestCase"/>
  <testcase name="smaple" time="0.0" classname="com.sampletest.regression.TestcaseThree"/>
</testsuite> <!-- Command line test -->
