<?xml version="1.0" encoding="UTF-8"?>
<testng-results skipped="0" failed="0" total="3" passed="3">
  <reporter-output>
  </reporter-output>
  <suite name="Command line suite" duration-ms="26" started-at="2018-03-24T23:56:08Z" finished-at="2018-03-24T23:56:08Z">
    <groups>
    </groups>
    <test name="Command line test" duration-ms="26" started-at="2018-03-24T23:56:08Z" finished-at="2018-03-24T23:56:08Z">
      <class name="com.sampletest.regression.TestcaseThree">
        <test-method status="PASS" signature="smaple()[pri:0, instance:com.sampletest.regression.TestcaseThree@6bf256fa]" name="smaple" duration-ms="0" started-at="2018-03-24T23:56:08Z" finished-at="2018-03-24T23:56:08Z">
          <reporter-output>
          </reporter-output>
        </test-method> <!-- smaple -->
      </class> <!-- com.sampletest.regression.TestcaseThree -->
      <class name="com.sampletest.SecondTestCase">
        <test-method status="PASS" signature="smaple()[pri:0, instance:com.sampletest.SecondTestCase@38082d64]" name="smaple" duration-ms="0" started-at="2018-03-24T23:56:08Z" finished-at="2018-03-24T23:56:08Z">
          <reporter-output>
          </reporter-output>
        </test-method> <!-- smaple -->
      </class> <!-- com.sampletest.SecondTestCase -->
      <class name="com.sampletest.FirstTestCase">
        <test-method status="PASS" signature="smaple()[pri:0, instance:com.sampletest.FirstTestCase@2ed94a8b]" name="smaple" duration-ms="9" started-at="2018-03-24T23:56:08Z" finished-at="2018-03-24T23:56:08Z">
          <reporter-output>
          </reporter-output>
        </test-method> <!-- smaple -->
      </class> <!-- com.sampletest.FirstTestCase -->
    </test> <!-- Command line test -->
  </suite> <!-- Command line suite -->
</testng-results>
