<?xml version="1.0" encoding="UTF-8"?>
<testng-results skipped="0" failed="0" total="2" passed="2">
  <reporter-output>
  </reporter-output>
  <suite name="Command line suite" duration-ms="65" started-at="2018-04-13T14:55:48Z" finished-at="2018-04-13T14:55:48Z">
    <groups>
    </groups>
    <test name="Command line test" duration-ms="65" started-at="2018-04-13T14:55:48Z" finished-at="2018-04-13T14:55:48Z">
      <class name="com.sampletest.SecondTestCase">
        <test-method status="PASS" signature="smaple()[pri:0, instance:com.sampletest.SecondTestCase@7f9a81e8]" name="smaple" duration-ms="1" started-at="2018-04-13T15:55:48Z" finished-at="2018-04-13T15:55:48Z">
          <reporter-output>
          </reporter-output>
        </test-method> <!-- smaple -->
      </class> <!-- com.sampletest.SecondTestCase -->
      <class name="com.sampletest.FirstTestCase">
        <test-method status="PASS" signature="smaple()[pri:0, instance:com.sampletest.FirstTestCase@51565ec2]" name="smaple" duration-ms="43" started-at="2018-04-13T15:55:48Z" finished-at="2018-04-13T15:55:48Z">
          <reporter-output>
          </reporter-output>
        </test-method> <!-- smaple -->
      </class> <!-- com.sampletest.FirstTestCase -->
    </test> <!-- Command line test -->
  </suite> <!-- Command line suite -->
</testng-results>
